INFO - 2023-06-07 12:44:31 --> Session: Class initialized using 'CodeIgniter\Session\Handlers\FileHandler' driver.
ERROR - 2023-06-07 12:44:37 --> Error connecting to the database: mysqli_sql_exception: Access denied for user 'scsport_jean'@'201-13-115-232.dsl.telesp.net.br' (using password: YES) in C:\Users\NOTE-JEAN\Documents\Empenho\vendor\codeigniter4\framework\system\Database\MySQLi\Connection.php:173
Stack trace:
#0 C:\Users\NOTE-JEAN\Documents\Empenho\vendor\codeigniter4\framework\system\Database\MySQLi\Connection.php(173): mysqli->real_connect('50.116.86.134', 'scsport_jean', Object(SensitiveParameterValue), 'scsport_empenho', 3306, '', 0)
#1 C:\Users\NOTE-JEAN\Documents\Empenho\vendor\codeigniter4\framework\system\Database\BaseConnection.php(391): CodeIgniter\Database\MySQLi\Connection->connect(false)
#2 C:\Users\NOTE-JEAN\Documents\Empenho\vendor\codeigniter4\framework\system\Database\BaseConnection.php(574): CodeIgniter\Database\BaseConnection->initialize()
#3 C:\Users\NOTE-JEAN\Documents\Empenho\vendor\codeigniter4\framework\system\Database\BaseBuilder.php(1616): CodeIgniter\Database\BaseConnection->query('SELECT *\nFROM `...', Array, false)
#4 C:\Users\NOTE-JEAN\Documents\Empenho\vendor\codeigniter4\framework\system\Model.php(268): CodeIgniter\Database\BaseBuilder->get()
#5 C:\Users\NOTE-JEAN\Documents\Empenho\vendor\codeigniter4\framework\system\BaseModel.php(656): CodeIgniter\Model->doFirst()
#6 C:\Users\NOTE-JEAN\Documents\Empenho\app\Models\UsuarioModel.php(48): CodeIgniter\BaseModel->first()
#7 C:\Users\NOTE-JEAN\Documents\Empenho\app\Controllers\Home.php(22): App\Models\UsuarioModel->getUser('jean', '123')
#8 C:\Users\NOTE-JEAN\Documents\Empenho\vendor\codeigniter4\framework\system\CodeIgniter.php(934): App\Controllers\Home->login()
#9 C:\Users\NOTE-JEAN\Documents\Empenho\vendor\codeigniter4\framework\system\CodeIgniter.php(499): CodeIgniter\CodeIgniter->runController(Object(App\Controllers\Home))
#10 C:\Users\NOTE-JEAN\Documents\Empenho\vendor\codeigniter4\framework\system\CodeIgniter.php(368): CodeIgniter\CodeIgniter->handleRequest(NULL, Object(Config\Cache), false)
#11 C:\Users\NOTE-JEAN\Documents\Empenho\public\index.php(67): CodeIgniter\CodeIgniter->run()
#12 C:\Users\NOTE-JEAN\Documents\Empenho\vendor\codeigniter4\framework\system\Commands\Server\rewrite.php(47): require_once('C:\\Users\\NOTE-J...')
#13 {main}

Next CodeIgniter\Database\Exceptions\DatabaseException: Access denied for user '****'@'201-13-115-232.dsl.telesp.net.br' (using password: YES) in C:\Users\NOTE-JEAN\Documents\Empenho\vendor\codeigniter4\framework\system\Database\MySQLi\Connection.php:218
Stack trace:
#0 C:\Users\NOTE-JEAN\Documents\Empenho\vendor\codeigniter4\framework\system\Database\BaseConnection.php(391): CodeIgniter\Database\MySQLi\Connection->connect(false)
#1 C:\Users\NOTE-JEAN\Documents\Empenho\vendor\codeigniter4\framework\system\Database\BaseConnection.php(574): CodeIgniter\Database\BaseConnection->initialize()
#2 C:\Users\NOTE-JEAN\Documents\Empenho\vendor\codeigniter4\framework\system\Database\BaseBuilder.php(1616): CodeIgniter\Database\BaseConnection->query('SELECT *\nFROM `...', Array, false)
#3 C:\Users\NOTE-JEAN\Documents\Empenho\vendor\codeigniter4\framework\system\Model.php(268): CodeIgniter\Database\BaseBuilder->get()
#4 C:\Users\NOTE-JEAN\Documents\Empenho\vendor\codeigniter4\framework\system\BaseModel.php(656): CodeIgniter\Model->doFirst()
#5 C:\Users\NOTE-JEAN\Documents\Empenho\app\Models\UsuarioModel.php(48): CodeIgniter\BaseModel->first()
#6 C:\Users\NOTE-JEAN\Documents\Empenho\app\Controllers\Home.php(22): App\Models\UsuarioModel->getUser('jean', '123')
#7 C:\Users\NOTE-JEAN\Documents\Empenho\vendor\codeigniter4\framework\system\CodeIgniter.php(934): App\Controllers\Home->login()
#8 C:\Users\NOTE-JEAN\Documents\Empenho\vendor\codeigniter4\framework\system\CodeIgniter.php(499): CodeIgniter\CodeIgniter->runController(Object(App\Controllers\Home))
#9 C:\Users\NOTE-JEAN\Documents\Empenho\vendor\codeigniter4\framework\system\CodeIgniter.php(368): CodeIgniter\CodeIgniter->handleRequest(NULL, Object(Config\Cache), false)
#10 C:\Users\NOTE-JEAN\Documents\Empenho\public\index.php(67): CodeIgniter\CodeIgniter->run()
#11 C:\Users\NOTE-JEAN\Documents\Empenho\vendor\codeigniter4\framework\system\Commands\Server\rewrite.php(47): require_once('C:\\Users\\NOTE-J...')
#12 {main}
CRITICAL - 2023-06-07 12:44:37 --> Unable to connect to the database.
Main connection [MySQLi]: Access denied for user '****'@'201-13-115-232.dsl.telesp.net.br' (using password: YES)
in SYSTEMPATH\Database\BaseConnection.php on line 427.
 1 SYSTEMPATH\Database\BaseConnection.php(574): CodeIgniter\Database\BaseConnection->initialize()
 2 SYSTEMPATH\Database\BaseBuilder.php(1616): CodeIgniter\Database\BaseConnection->query('SELECT *
FROM `LOGIN`
WHERE `USERNAME` = :USERNAME:
AND `PASSWORD` = :PASSWORD:
 LIMIT 1', [...], false)
 3 SYSTEMPATH\Model.php(268): CodeIgniter\Database\BaseBuilder->get()
 4 SYSTEMPATH\BaseModel.php(656): CodeIgniter\Model->doFirst()
 5 APPPATH\Models\UsuarioModel.php(48): CodeIgniter\BaseModel->first()
 6 APPPATH\Controllers\Home.php(22): App\Models\UsuarioModel->getUser('jean', '123')
 7 SYSTEMPATH\CodeIgniter.php(934): App\Controllers\Home->login()
 8 SYSTEMPATH\CodeIgniter.php(499): CodeIgniter\CodeIgniter->runController(Object(App\Controllers\Home))
 9 SYSTEMPATH\CodeIgniter.php(368): CodeIgniter\CodeIgniter->handleRequest(null, Object(Config\Cache), false)
10 FCPATH\index.php(67): CodeIgniter\CodeIgniter->run()
11 SYSTEMPATH\Commands\Server\rewrite.php(47): require_once('C:\\Users\\NOTE-JEAN\\Documents\\Empenho\\public\\index.php')
INFO - 2023-06-07 12:44:49 --> Session: Class initialized using 'CodeIgniter\Session\Handlers\FileHandler' driver.
ERROR - 2023-06-07 12:44:53 --> Error connecting to the database: mysqli_sql_exception: Access denied for user 'scsport_jean'@'201-13-115-232.dsl.telesp.net.br' (using password: YES) in C:\Users\NOTE-JEAN\Documents\Empenho\vendor\codeigniter4\framework\system\Database\MySQLi\Connection.php:173
Stack trace:
#0 C:\Users\NOTE-JEAN\Documents\Empenho\vendor\codeigniter4\framework\system\Database\MySQLi\Connection.php(173): mysqli->real_connect('50.116.86.134', 'scsport_jean', Object(SensitiveParameterValue), 'scsport_empenho', 3306, '', 0)
#1 C:\Users\NOTE-JEAN\Documents\Empenho\vendor\codeigniter4\framework\system\Database\BaseConnection.php(391): CodeIgniter\Database\MySQLi\Connection->connect(false)
#2 C:\Users\NOTE-JEAN\Documents\Empenho\vendor\codeigniter4\framework\system\Database\BaseConnection.php(574): CodeIgniter\Database\BaseConnection->initialize()
#3 C:\Users\NOTE-JEAN\Documents\Empenho\vendor\codeigniter4\framework\system\Database\BaseBuilder.php(1616): CodeIgniter\Database\BaseConnection->query('SELECT *\nFROM `...', Array, false)
#4 C:\Users\NOTE-JEAN\Documents\Empenho\vendor\codeigniter4\framework\system\Model.php(268): CodeIgniter\Database\BaseBuilder->get()
#5 C:\Users\NOTE-JEAN\Documents\Empenho\vendor\codeigniter4\framework\system\BaseModel.php(656): CodeIgniter\Model->doFirst()
#6 C:\Users\NOTE-JEAN\Documents\Empenho\app\Models\UsuarioModel.php(48): CodeIgniter\BaseModel->first()
#7 C:\Users\NOTE-JEAN\Documents\Empenho\app\Controllers\Home.php(22): App\Models\UsuarioModel->getUser('jean', '123')
#8 C:\Users\NOTE-JEAN\Documents\Empenho\vendor\codeigniter4\framework\system\CodeIgniter.php(934): App\Controllers\Home->login()
#9 C:\Users\NOTE-JEAN\Documents\Empenho\vendor\codeigniter4\framework\system\CodeIgniter.php(499): CodeIgniter\CodeIgniter->runController(Object(App\Controllers\Home))
#10 C:\Users\NOTE-JEAN\Documents\Empenho\vendor\codeigniter4\framework\system\CodeIgniter.php(368): CodeIgniter\CodeIgniter->handleRequest(NULL, Object(Config\Cache), false)
#11 C:\Users\NOTE-JEAN\Documents\Empenho\public\index.php(67): CodeIgniter\CodeIgniter->run()
#12 C:\Users\NOTE-JEAN\Documents\Empenho\vendor\codeigniter4\framework\system\Commands\Server\rewrite.php(47): require_once('C:\\Users\\NOTE-J...')
#13 {main}

Next CodeIgniter\Database\Exceptions\DatabaseException: Access denied for user '****'@'201-13-115-232.dsl.telesp.net.br' (using password: YES) in C:\Users\NOTE-JEAN\Documents\Empenho\vendor\codeigniter4\framework\system\Database\MySQLi\Connection.php:218
Stack trace:
#0 C:\Users\NOTE-JEAN\Documents\Empenho\vendor\codeigniter4\framework\system\Database\BaseConnection.php(391): CodeIgniter\Database\MySQLi\Connection->connect(false)
#1 C:\Users\NOTE-JEAN\Documents\Empenho\vendor\codeigniter4\framework\system\Database\BaseConnection.php(574): CodeIgniter\Database\BaseConnection->initialize()
#2 C:\Users\NOTE-JEAN\Documents\Empenho\vendor\codeigniter4\framework\system\Database\BaseBuilder.php(1616): CodeIgniter\Database\BaseConnection->query('SELECT *\nFROM `...', Array, false)
#3 C:\Users\NOTE-JEAN\Documents\Empenho\vendor\codeigniter4\framework\system\Model.php(268): CodeIgniter\Database\BaseBuilder->get()
#4 C:\Users\NOTE-JEAN\Documents\Empenho\vendor\codeigniter4\framework\system\BaseModel.php(656): CodeIgniter\Model->doFirst()
#5 C:\Users\NOTE-JEAN\Documents\Empenho\app\Models\UsuarioModel.php(48): CodeIgniter\BaseModel->first()
#6 C:\Users\NOTE-JEAN\Documents\Empenho\app\Controllers\Home.php(22): App\Models\UsuarioModel->getUser('jean', '123')
#7 C:\Users\NOTE-JEAN\Documents\Empenho\vendor\codeigniter4\framework\system\CodeIgniter.php(934): App\Controllers\Home->login()
#8 C:\Users\NOTE-JEAN\Documents\Empenho\vendor\codeigniter4\framework\system\CodeIgniter.php(499): CodeIgniter\CodeIgniter->runController(Object(App\Controllers\Home))
#9 C:\Users\NOTE-JEAN\Documents\Empenho\vendor\codeigniter4\framework\system\CodeIgniter.php(368): CodeIgniter\CodeIgniter->handleRequest(NULL, Object(Config\Cache), false)
#10 C:\Users\NOTE-JEAN\Documents\Empenho\public\index.php(67): CodeIgniter\CodeIgniter->run()
#11 C:\Users\NOTE-JEAN\Documents\Empenho\vendor\codeigniter4\framework\system\Commands\Server\rewrite.php(47): require_once('C:\\Users\\NOTE-J...')
#12 {main}
CRITICAL - 2023-06-07 12:44:53 --> Unable to connect to the database.
Main connection [MySQLi]: Access denied for user '****'@'201-13-115-232.dsl.telesp.net.br' (using password: YES)
in SYSTEMPATH\Database\BaseConnection.php on line 427.
 1 SYSTEMPATH\Database\BaseConnection.php(574): CodeIgniter\Database\BaseConnection->initialize()
 2 SYSTEMPATH\Database\BaseBuilder.php(1616): CodeIgniter\Database\BaseConnection->query('SELECT *
FROM `LOGIN`
WHERE `USERNAME` = :USERNAME:
AND `PASSWORD` = :PASSWORD:
 LIMIT 1', [...], false)
 3 SYSTEMPATH\Model.php(268): CodeIgniter\Database\BaseBuilder->get()
 4 SYSTEMPATH\BaseModel.php(656): CodeIgniter\Model->doFirst()
 5 APPPATH\Models\UsuarioModel.php(48): CodeIgniter\BaseModel->first()
 6 APPPATH\Controllers\Home.php(22): App\Models\UsuarioModel->getUser('jean', '123')
 7 SYSTEMPATH\CodeIgniter.php(934): App\Controllers\Home->login()
 8 SYSTEMPATH\CodeIgniter.php(499): CodeIgniter\CodeIgniter->runController(Object(App\Controllers\Home))
 9 SYSTEMPATH\CodeIgniter.php(368): CodeIgniter\CodeIgniter->handleRequest(null, Object(Config\Cache), false)
10 FCPATH\index.php(67): CodeIgniter\CodeIgniter->run()
11 SYSTEMPATH\Commands\Server\rewrite.php(47): require_once('C:\\Users\\NOTE-JEAN\\Documents\\Empenho\\public\\index.php')
INFO - 2023-06-07 12:48:50 --> Session: Class initialized using 'CodeIgniter\Session\Handlers\FileHandler' driver.
INFO - 2023-06-07 12:48:51 --> Session: Class initialized using 'CodeIgniter\Session\Handlers\FileHandler' driver.
INFO - 2023-06-07 12:48:51 --> Session: Class initialized using 'CodeIgniter\Session\Handlers\FileHandler' driver.
INFO - 2023-06-07 12:48:55 --> Session: Class initialized using 'CodeIgniter\Session\Handlers\FileHandler' driver.
INFO - 2023-06-07 12:48:55 --> Session: Class initialized using 'CodeIgniter\Session\Handlers\FileHandler' driver.
INFO - 2023-06-07 12:49:00 --> Session: Class initialized using 'CodeIgniter\Session\Handlers\FileHandler' driver.
INFO - 2023-06-07 13:23:57 --> Session: Class initialized using 'CodeIgniter\Session\Handlers\FileHandler' driver.
INFO - 2023-06-07 13:23:57 --> Session: Class initialized using 'CodeIgniter\Session\Handlers\FileHandler' driver.
INFO - 2023-06-07 20:01:32 --> Session: Class initialized using 'CodeIgniter\Session\Handlers\FileHandler' driver.
INFO - 2023-06-07 20:01:37 --> Session: Class initialized using 'CodeIgniter\Session\Handlers\FileHandler' driver.
INFO - 2023-06-07 20:01:37 --> Session: Class initialized using 'CodeIgniter\Session\Handlers\FileHandler' driver.
INFO - 2023-06-07 20:01:38 --> Session: Class initialized using 'CodeIgniter\Session\Handlers\FileHandler' driver.
INFO - 2023-06-07 20:12:18 --> Session: Class initialized using 'CodeIgniter\Session\Handlers\FileHandler' driver.
INFO - 2023-06-07 20:13:28 --> Session: Class initialized using 'CodeIgniter\Session\Handlers\FileHandler' driver.
INFO - 2023-06-07 20:32:08 --> Session: Class initialized using 'CodeIgniter\Session\Handlers\FileHandler' driver.
INFO - 2023-06-07 20:36:20 --> Session: Class initialized using 'CodeIgniter\Session\Handlers\FileHandler' driver.
INFO - 2023-06-07 20:36:23 --> Session: Class initialized using 'CodeIgniter\Session\Handlers\FileHandler' driver.
