INFO - 2023-05-25 11:29:44 --> Session: Class initialized using 'CodeIgniter\Session\Handlers\FileHandler' driver.
ERROR - 2023-05-25 11:30:13 --> Error connecting to the database: mysqli_sql_exception: Access denied for user 'scsport_jean'@'187.10.157.228' (using password: YES) in C:\Users\NOTE-JEAN\Documents\Empenho\vendor\codeigniter4\framework\system\Database\MySQLi\Connection.php:173
Stack trace:
#0 C:\Users\NOTE-JEAN\Documents\Empenho\vendor\codeigniter4\framework\system\Database\MySQLi\Connection.php(173): mysqli->real_connect('50.116.86.134', 'scsport_jean', Object(SensitiveParameterValue), 'scsport_empenho', 3306, '', 0)
#1 C:\Users\NOTE-JEAN\Documents\Empenho\vendor\codeigniter4\framework\system\Database\BaseConnection.php(391): CodeIgniter\Database\MySQLi\Connection->connect(false)
#2 C:\Users\NOTE-JEAN\Documents\Empenho\vendor\codeigniter4\framework\system\Database\BaseConnection.php(574): CodeIgniter\Database\BaseConnection->initialize()
#3 C:\Users\NOTE-JEAN\Documents\Empenho\vendor\codeigniter4\framework\system\Database\BaseBuilder.php(1616): CodeIgniter\Database\BaseConnection->query('SELECT *\nFROM `...', Array, false)
#4 C:\Users\NOTE-JEAN\Documents\Empenho\vendor\codeigniter4\framework\system\Model.php(268): CodeIgniter\Database\BaseBuilder->get()
#5 C:\Users\NOTE-JEAN\Documents\Empenho\vendor\codeigniter4\framework\system\BaseModel.php(656): CodeIgniter\Model->doFirst()
#6 C:\Users\NOTE-JEAN\Documents\Empenho\app\Models\UsuarioModel.php(48): CodeIgniter\BaseModel->first()
#7 C:\Users\NOTE-JEAN\Documents\Empenho\app\Controllers\Home.php(22): App\Models\UsuarioModel->getUser('jean', '1234')
#8 C:\Users\NOTE-JEAN\Documents\Empenho\vendor\codeigniter4\framework\system\CodeIgniter.php(934): App\Controllers\Home->login()
#9 C:\Users\NOTE-JEAN\Documents\Empenho\vendor\codeigniter4\framework\system\CodeIgniter.php(499): CodeIgniter\CodeIgniter->runController(Object(App\Controllers\Home))
#10 C:\Users\NOTE-JEAN\Documents\Empenho\vendor\codeigniter4\framework\system\CodeIgniter.php(368): CodeIgniter\CodeIgniter->handleRequest(NULL, Object(Config\Cache), false)
#11 C:\Users\NOTE-JEAN\Documents\Empenho\public\index.php(67): CodeIgniter\CodeIgniter->run()
#12 C:\Users\NOTE-JEAN\Documents\Empenho\vendor\codeigniter4\framework\system\Commands\Server\rewrite.php(47): require_once('C:\\Users\\NOTE-J...')
#13 {main}

Next CodeIgniter\Database\Exceptions\DatabaseException: Access denied for user '****'@'187.10.157.228' (using password: YES) in C:\Users\NOTE-JEAN\Documents\Empenho\vendor\codeigniter4\framework\system\Database\MySQLi\Connection.php:218
Stack trace:
#0 C:\Users\NOTE-JEAN\Documents\Empenho\vendor\codeigniter4\framework\system\Database\BaseConnection.php(391): CodeIgniter\Database\MySQLi\Connection->connect(false)
#1 C:\Users\NOTE-JEAN\Documents\Empenho\vendor\codeigniter4\framework\system\Database\BaseConnection.php(574): CodeIgniter\Database\BaseConnection->initialize()
#2 C:\Users\NOTE-JEAN\Documents\Empenho\vendor\codeigniter4\framework\system\Database\BaseBuilder.php(1616): CodeIgniter\Database\BaseConnection->query('SELECT *\nFROM `...', Array, false)
#3 C:\Users\NOTE-JEAN\Documents\Empenho\vendor\codeigniter4\framework\system\Model.php(268): CodeIgniter\Database\BaseBuilder->get()
#4 C:\Users\NOTE-JEAN\Documents\Empenho\vendor\codeigniter4\framework\system\BaseModel.php(656): CodeIgniter\Model->doFirst()
#5 C:\Users\NOTE-JEAN\Documents\Empenho\app\Models\UsuarioModel.php(48): CodeIgniter\BaseModel->first()
#6 C:\Users\NOTE-JEAN\Documents\Empenho\app\Controllers\Home.php(22): App\Models\UsuarioModel->getUser('jean', '1234')
#7 C:\Users\NOTE-JEAN\Documents\Empenho\vendor\codeigniter4\framework\system\CodeIgniter.php(934): App\Controllers\Home->login()
#8 C:\Users\NOTE-JEAN\Documents\Empenho\vendor\codeigniter4\framework\system\CodeIgniter.php(499): CodeIgniter\CodeIgniter->runController(Object(App\Controllers\Home))
#9 C:\Users\NOTE-JEAN\Documents\Empenho\vendor\codeigniter4\framework\system\CodeIgniter.php(368): CodeIgniter\CodeIgniter->handleRequest(NULL, Object(Config\Cache), false)
#10 C:\Users\NOTE-JEAN\Documents\Empenho\public\index.php(67): CodeIgniter\CodeIgniter->run()
#11 C:\Users\NOTE-JEAN\Documents\Empenho\vendor\codeigniter4\framework\system\Commands\Server\rewrite.php(47): require_once('C:\\Users\\NOTE-J...')
#12 {main}
CRITICAL - 2023-05-25 11:30:13 --> Unable to connect to the database.
Main connection [MySQLi]: Access denied for user '****'@'187.10.157.228' (using password: YES)
in SYSTEMPATH\Database\BaseConnection.php on line 427.
 1 SYSTEMPATH\Database\BaseConnection.php(574): CodeIgniter\Database\BaseConnection->initialize()
 2 SYSTEMPATH\Database\BaseBuilder.php(1616): CodeIgniter\Database\BaseConnection->query('SELECT *
FROM `LOGIN`
WHERE `USERNAME` = :USERNAME:
AND `PASSWORD` = :PASSWORD:
 LIMIT 1', [...], false)
 3 SYSTEMPATH\Model.php(268): CodeIgniter\Database\BaseBuilder->get()
 4 SYSTEMPATH\BaseModel.php(656): CodeIgniter\Model->doFirst()
 5 APPPATH\Models\UsuarioModel.php(48): CodeIgniter\BaseModel->first()
 6 APPPATH\Controllers\Home.php(22): App\Models\UsuarioModel->getUser('jean', '1234')
 7 SYSTEMPATH\CodeIgniter.php(934): App\Controllers\Home->login()
 8 SYSTEMPATH\CodeIgniter.php(499): CodeIgniter\CodeIgniter->runController(Object(App\Controllers\Home))
 9 SYSTEMPATH\CodeIgniter.php(368): CodeIgniter\CodeIgniter->handleRequest(null, Object(Config\Cache), false)
10 FCPATH\index.php(67): CodeIgniter\CodeIgniter->run()
11 SYSTEMPATH\Commands\Server\rewrite.php(47): require_once('C:\\Users\\NOTE-JEAN\\Documents\\Empenho\\public\\index.php')
INFO - 2023-05-25 11:30:18 --> Session: Class initialized using 'CodeIgniter\Session\Handlers\FileHandler' driver.
ERROR - 2023-05-25 11:30:26 --> Error connecting to the database: mysqli_sql_exception: Access denied for user 'scsport_jean'@'187.10.157.228' (using password: YES) in C:\Users\NOTE-JEAN\Documents\Empenho\vendor\codeigniter4\framework\system\Database\MySQLi\Connection.php:173
Stack trace:
#0 C:\Users\NOTE-JEAN\Documents\Empenho\vendor\codeigniter4\framework\system\Database\MySQLi\Connection.php(173): mysqli->real_connect('50.116.86.134', 'scsport_jean', Object(SensitiveParameterValue), 'scsport_empenho', 3306, '', 0)
#1 C:\Users\NOTE-JEAN\Documents\Empenho\vendor\codeigniter4\framework\system\Database\BaseConnection.php(391): CodeIgniter\Database\MySQLi\Connection->connect(false)
#2 C:\Users\NOTE-JEAN\Documents\Empenho\vendor\codeigniter4\framework\system\Database\BaseConnection.php(574): CodeIgniter\Database\BaseConnection->initialize()
#3 C:\Users\NOTE-JEAN\Documents\Empenho\vendor\codeigniter4\framework\system\Database\BaseBuilder.php(1616): CodeIgniter\Database\BaseConnection->query('SELECT *\nFROM `...', Array, false)
#4 C:\Users\NOTE-JEAN\Documents\Empenho\vendor\codeigniter4\framework\system\Model.php(268): CodeIgniter\Database\BaseBuilder->get()
#5 C:\Users\NOTE-JEAN\Documents\Empenho\vendor\codeigniter4\framework\system\BaseModel.php(656): CodeIgniter\Model->doFirst()
#6 C:\Users\NOTE-JEAN\Documents\Empenho\app\Models\UsuarioModel.php(48): CodeIgniter\BaseModel->first()
#7 C:\Users\NOTE-JEAN\Documents\Empenho\app\Controllers\Home.php(22): App\Models\UsuarioModel->getUser('jean', '123')
#8 C:\Users\NOTE-JEAN\Documents\Empenho\vendor\codeigniter4\framework\system\CodeIgniter.php(934): App\Controllers\Home->login()
#9 C:\Users\NOTE-JEAN\Documents\Empenho\vendor\codeigniter4\framework\system\CodeIgniter.php(499): CodeIgniter\CodeIgniter->runController(Object(App\Controllers\Home))
#10 C:\Users\NOTE-JEAN\Documents\Empenho\vendor\codeigniter4\framework\system\CodeIgniter.php(368): CodeIgniter\CodeIgniter->handleRequest(NULL, Object(Config\Cache), false)
#11 C:\Users\NOTE-JEAN\Documents\Empenho\public\index.php(67): CodeIgniter\CodeIgniter->run()
#12 C:\Users\NOTE-JEAN\Documents\Empenho\vendor\codeigniter4\framework\system\Commands\Server\rewrite.php(47): require_once('C:\\Users\\NOTE-J...')
#13 {main}

Next CodeIgniter\Database\Exceptions\DatabaseException: Access denied for user '****'@'187.10.157.228' (using password: YES) in C:\Users\NOTE-JEAN\Documents\Empenho\vendor\codeigniter4\framework\system\Database\MySQLi\Connection.php:218
Stack trace:
#0 C:\Users\NOTE-JEAN\Documents\Empenho\vendor\codeigniter4\framework\system\Database\BaseConnection.php(391): CodeIgniter\Database\MySQLi\Connection->connect(false)
#1 C:\Users\NOTE-JEAN\Documents\Empenho\vendor\codeigniter4\framework\system\Database\BaseConnection.php(574): CodeIgniter\Database\BaseConnection->initialize()
#2 C:\Users\NOTE-JEAN\Documents\Empenho\vendor\codeigniter4\framework\system\Database\BaseBuilder.php(1616): CodeIgniter\Database\BaseConnection->query('SELECT *\nFROM `...', Array, false)
#3 C:\Users\NOTE-JEAN\Documents\Empenho\vendor\codeigniter4\framework\system\Model.php(268): CodeIgniter\Database\BaseBuilder->get()
#4 C:\Users\NOTE-JEAN\Documents\Empenho\vendor\codeigniter4\framework\system\BaseModel.php(656): CodeIgniter\Model->doFirst()
#5 C:\Users\NOTE-JEAN\Documents\Empenho\app\Models\UsuarioModel.php(48): CodeIgniter\BaseModel->first()
#6 C:\Users\NOTE-JEAN\Documents\Empenho\app\Controllers\Home.php(22): App\Models\UsuarioModel->getUser('jean', '123')
#7 C:\Users\NOTE-JEAN\Documents\Empenho\vendor\codeigniter4\framework\system\CodeIgniter.php(934): App\Controllers\Home->login()
#8 C:\Users\NOTE-JEAN\Documents\Empenho\vendor\codeigniter4\framework\system\CodeIgniter.php(499): CodeIgniter\CodeIgniter->runController(Object(App\Controllers\Home))
#9 C:\Users\NOTE-JEAN\Documents\Empenho\vendor\codeigniter4\framework\system\CodeIgniter.php(368): CodeIgniter\CodeIgniter->handleRequest(NULL, Object(Config\Cache), false)
#10 C:\Users\NOTE-JEAN\Documents\Empenho\public\index.php(67): CodeIgniter\CodeIgniter->run()
#11 C:\Users\NOTE-JEAN\Documents\Empenho\vendor\codeigniter4\framework\system\Commands\Server\rewrite.php(47): require_once('C:\\Users\\NOTE-J...')
#12 {main}
CRITICAL - 2023-05-25 11:30:26 --> Unable to connect to the database.
Main connection [MySQLi]: Access denied for user '****'@'187.10.157.228' (using password: YES)
in SYSTEMPATH\Database\BaseConnection.php on line 427.
 1 SYSTEMPATH\Database\BaseConnection.php(574): CodeIgniter\Database\BaseConnection->initialize()
 2 SYSTEMPATH\Database\BaseBuilder.php(1616): CodeIgniter\Database\BaseConnection->query('SELECT *
FROM `LOGIN`
WHERE `USERNAME` = :USERNAME:
AND `PASSWORD` = :PASSWORD:
 LIMIT 1', [...], false)
 3 SYSTEMPATH\Model.php(268): CodeIgniter\Database\BaseBuilder->get()
 4 SYSTEMPATH\BaseModel.php(656): CodeIgniter\Model->doFirst()
 5 APPPATH\Models\UsuarioModel.php(48): CodeIgniter\BaseModel->first()
 6 APPPATH\Controllers\Home.php(22): App\Models\UsuarioModel->getUser('jean', '123')
 7 SYSTEMPATH\CodeIgniter.php(934): App\Controllers\Home->login()
 8 SYSTEMPATH\CodeIgniter.php(499): CodeIgniter\CodeIgniter->runController(Object(App\Controllers\Home))
 9 SYSTEMPATH\CodeIgniter.php(368): CodeIgniter\CodeIgniter->handleRequest(null, Object(Config\Cache), false)
10 FCPATH\index.php(67): CodeIgniter\CodeIgniter->run()
11 SYSTEMPATH\Commands\Server\rewrite.php(47): require_once('C:\\Users\\NOTE-JEAN\\Documents\\Empenho\\public\\index.php')
INFO - 2023-05-25 11:30:59 --> Session: Class initialized using 'CodeIgniter\Session\Handlers\FileHandler' driver.
INFO - 2023-05-25 11:31:02 --> Session: Class initialized using 'CodeIgniter\Session\Handlers\FileHandler' driver.
INFO - 2023-05-25 11:31:02 --> Session: Class initialized using 'CodeIgniter\Session\Handlers\FileHandler' driver.
INFO - 2023-05-25 11:31:04 --> Session: Class initialized using 'CodeIgniter\Session\Handlers\FileHandler' driver.
INFO - 2023-05-25 11:31:06 --> Session: Class initialized using 'CodeIgniter\Session\Handlers\FileHandler' driver.
INFO - 2023-05-25 11:31:06 --> Session: Class initialized using 'CodeIgniter\Session\Handlers\FileHandler' driver.
INFO - 2023-05-25 11:31:09 --> Session: Class initialized using 'CodeIgniter\Session\Handlers\FileHandler' driver.
INFO - 2023-05-25 11:31:44 --> Session: Class initialized using 'CodeIgniter\Session\Handlers\FileHandler' driver.
INFO - 2023-05-25 11:31:44 --> Session: Class initialized using 'CodeIgniter\Session\Handlers\FileHandler' driver.
INFO - 2023-05-25 11:31:52 --> Session: Class initialized using 'CodeIgniter\Session\Handlers\FileHandler' driver.
INFO - 2023-05-25 11:31:52 --> Session: Class initialized using 'CodeIgniter\Session\Handlers\FileHandler' driver.
INFO - 2023-05-25 11:31:54 --> Session: Class initialized using 'CodeIgniter\Session\Handlers\FileHandler' driver.
INFO - 2023-05-25 13:30:26 --> Session: Class initialized using 'CodeIgniter\Session\Handlers\FileHandler' driver.
INFO - 2023-05-25 13:33:02 --> Session: Class initialized using 'CodeIgniter\Session\Handlers\FileHandler' driver.
INFO - 2023-05-25 13:33:07 --> Session: Class initialized using 'CodeIgniter\Session\Handlers\FileHandler' driver.
INFO - 2023-05-25 13:33:07 --> Session: Class initialized using 'CodeIgniter\Session\Handlers\FileHandler' driver.
INFO - 2023-05-25 13:33:48 --> Session: Class initialized using 'CodeIgniter\Session\Handlers\FileHandler' driver.
INFO - 2023-05-25 13:34:01 --> Session: Class initialized using 'CodeIgniter\Session\Handlers\FileHandler' driver.
INFO - 2023-05-25 13:34:13 --> Session: Class initialized using 'CodeIgniter\Session\Handlers\FileHandler' driver.
INFO - 2023-05-25 13:35:00 --> Session: Class initialized using 'CodeIgniter\Session\Handlers\FileHandler' driver.
INFO - 2023-05-25 13:35:42 --> Session: Class initialized using 'CodeIgniter\Session\Handlers\FileHandler' driver.
INFO - 2023-05-25 13:36:01 --> Session: Class initialized using 'CodeIgniter\Session\Handlers\FileHandler' driver.
INFO - 2023-05-25 13:36:24 --> Session: Class initialized using 'CodeIgniter\Session\Handlers\FileHandler' driver.
INFO - 2023-05-25 13:36:44 --> Session: Class initialized using 'CodeIgniter\Session\Handlers\FileHandler' driver.
INFO - 2023-05-25 13:36:44 --> Session: Class initialized using 'CodeIgniter\Session\Handlers\FileHandler' driver.
INFO - 2023-05-25 13:36:45 --> Session: Class initialized using 'CodeIgniter\Session\Handlers\FileHandler' driver.
INFO - 2023-05-25 13:37:33 --> Session: Class initialized using 'CodeIgniter\Session\Handlers\FileHandler' driver.
INFO - 2023-05-25 13:37:37 --> Session: Class initialized using 'CodeIgniter\Session\Handlers\FileHandler' driver.
INFO - 2023-05-25 13:38:04 --> Session: Class initialized using 'CodeIgniter\Session\Handlers\FileHandler' driver.
INFO - 2023-05-25 13:38:11 --> Session: Class initialized using 'CodeIgniter\Session\Handlers\FileHandler' driver.
INFO - 2023-05-25 13:38:11 --> Session: Class initialized using 'CodeIgniter\Session\Handlers\FileHandler' driver.
INFO - 2023-05-25 13:58:13 --> Session: Class initialized using 'CodeIgniter\Session\Handlers\FileHandler' driver.
INFO - 2023-05-25 13:58:51 --> Session: Class initialized using 'CodeIgniter\Session\Handlers\FileHandler' driver.
INFO - 2023-05-25 14:00:22 --> Session: Class initialized using 'CodeIgniter\Session\Handlers\FileHandler' driver.
INFO - 2023-05-25 14:00:49 --> Session: Class initialized using 'CodeIgniter\Session\Handlers\FileHandler' driver.
INFO - 2023-05-25 14:00:57 --> Session: Class initialized using 'CodeIgniter\Session\Handlers\FileHandler' driver.
INFO - 2023-05-25 14:01:15 --> Session: Class initialized using 'CodeIgniter\Session\Handlers\FileHandler' driver.
INFO - 2023-05-25 14:01:37 --> Session: Class initialized using 'CodeIgniter\Session\Handlers\FileHandler' driver.
INFO - 2023-05-25 14:06:22 --> Session: Class initialized using 'CodeIgniter\Session\Handlers\FileHandler' driver.
INFO - 2023-05-25 14:06:38 --> Session: Class initialized using 'CodeIgniter\Session\Handlers\FileHandler' driver.
INFO - 2023-05-25 14:10:48 --> Session: Class initialized using 'CodeIgniter\Session\Handlers\FileHandler' driver.
INFO - 2023-05-25 14:11:03 --> Session: Class initialized using 'CodeIgniter\Session\Handlers\FileHandler' driver.
INFO - 2023-05-25 14:11:04 --> Session: Class initialized using 'CodeIgniter\Session\Handlers\FileHandler' driver.
INFO - 2023-05-25 14:11:05 --> Session: Class initialized using 'CodeIgniter\Session\Handlers\FileHandler' driver.
INFO - 2023-05-25 14:11:05 --> Session: Class initialized using 'CodeIgniter\Session\Handlers\FileHandler' driver.
INFO - 2023-05-25 14:11:18 --> Session: Class initialized using 'CodeIgniter\Session\Handlers\FileHandler' driver.
INFO - 2023-05-25 14:11:43 --> Session: Class initialized using 'CodeIgniter\Session\Handlers\FileHandler' driver.
INFO - 2023-05-25 14:15:46 --> Session: Class initialized using 'CodeIgniter\Session\Handlers\FileHandler' driver.
INFO - 2023-05-25 14:18:58 --> Session: Class initialized using 'CodeIgniter\Session\Handlers\FileHandler' driver.
INFO - 2023-05-25 14:21:48 --> Session: Class initialized using 'CodeIgniter\Session\Handlers\FileHandler' driver.
INFO - 2023-05-25 14:23:02 --> Session: Class initialized using 'CodeIgniter\Session\Handlers\FileHandler' driver.
INFO - 2023-05-25 14:23:02 --> Session: Class initialized using 'CodeIgniter\Session\Handlers\FileHandler' driver.
INFO - 2023-05-25 14:23:09 --> Session: Class initialized using 'CodeIgniter\Session\Handlers\FileHandler' driver.
INFO - 2023-05-25 14:24:24 --> Session: Class initialized using 'CodeIgniter\Session\Handlers\FileHandler' driver.
INFO - 2023-05-25 14:24:37 --> Session: Class initialized using 'CodeIgniter\Session\Handlers\FileHandler' driver.
INFO - 2023-05-25 14:24:48 --> Session: Class initialized using 'CodeIgniter\Session\Handlers\FileHandler' driver.
INFO - 2023-05-25 14:25:08 --> Session: Class initialized using 'CodeIgniter\Session\Handlers\FileHandler' driver.
INFO - 2023-05-25 14:25:59 --> Session: Class initialized using 'CodeIgniter\Session\Handlers\FileHandler' driver.
INFO - 2023-05-25 14:27:05 --> Session: Class initialized using 'CodeIgniter\Session\Handlers\FileHandler' driver.
INFO - 2023-05-25 14:27:06 --> Session: Class initialized using 'CodeIgniter\Session\Handlers\FileHandler' driver.
INFO - 2023-05-25 14:27:06 --> Session: Class initialized using 'CodeIgniter\Session\Handlers\FileHandler' driver.
INFO - 2023-05-25 14:27:07 --> Session: Class initialized using 'CodeIgniter\Session\Handlers\FileHandler' driver.
INFO - 2023-05-25 14:27:32 --> Session: Class initialized using 'CodeIgniter\Session\Handlers\FileHandler' driver.
INFO - 2023-05-25 14:27:32 --> Session: Class initialized using 'CodeIgniter\Session\Handlers\FileHandler' driver.
INFO - 2023-05-25 14:27:33 --> Session: Class initialized using 'CodeIgniter\Session\Handlers\FileHandler' driver.
INFO - 2023-05-25 14:27:38 --> Session: Class initialized using 'CodeIgniter\Session\Handlers\FileHandler' driver.
INFO - 2023-05-25 14:27:39 --> Session: Class initialized using 'CodeIgniter\Session\Handlers\FileHandler' driver.
INFO - 2023-05-25 14:28:38 --> Session: Class initialized using 'CodeIgniter\Session\Handlers\FileHandler' driver.
INFO - 2023-05-25 14:28:40 --> Session: Class initialized using 'CodeIgniter\Session\Handlers\FileHandler' driver.
INFO - 2023-05-25 14:28:40 --> Session: Class initialized using 'CodeIgniter\Session\Handlers\FileHandler' driver.
INFO - 2023-05-25 14:28:41 --> Session: Class initialized using 'CodeIgniter\Session\Handlers\FileHandler' driver.
INFO - 2023-05-25 14:29:00 --> Session: Class initialized using 'CodeIgniter\Session\Handlers\FileHandler' driver.
INFO - 2023-05-25 14:31:34 --> Session: Class initialized using 'CodeIgniter\Session\Handlers\FileHandler' driver.
INFO - 2023-05-25 14:34:43 --> Session: Class initialized using 'CodeIgniter\Session\Handlers\FileHandler' driver.
INFO - 2023-05-25 14:35:25 --> Session: Class initialized using 'CodeIgniter\Session\Handlers\FileHandler' driver.
INFO - 2023-05-25 14:35:43 --> Session: Class initialized using 'CodeIgniter\Session\Handlers\FileHandler' driver.
INFO - 2023-05-25 14:36:22 --> Session: Class initialized using 'CodeIgniter\Session\Handlers\FileHandler' driver.
INFO - 2023-05-25 14:36:31 --> Session: Class initialized using 'CodeIgniter\Session\Handlers\FileHandler' driver.
INFO - 2023-05-25 14:37:34 --> Session: Class initialized using 'CodeIgniter\Session\Handlers\FileHandler' driver.
INFO - 2023-05-25 14:38:34 --> Session: Class initialized using 'CodeIgniter\Session\Handlers\FileHandler' driver.
INFO - 2023-05-25 14:39:09 --> Session: Class initialized using 'CodeIgniter\Session\Handlers\FileHandler' driver.
INFO - 2023-05-25 14:39:21 --> Session: Class initialized using 'CodeIgniter\Session\Handlers\FileHandler' driver.
INFO - 2023-05-25 14:39:43 --> Session: Class initialized using 'CodeIgniter\Session\Handlers\FileHandler' driver.
INFO - 2023-05-25 14:42:29 --> Session: Class initialized using 'CodeIgniter\Session\Handlers\FileHandler' driver.
INFO - 2023-05-25 14:42:42 --> Session: Class initialized using 'CodeIgniter\Session\Handlers\FileHandler' driver.
INFO - 2023-05-25 14:43:19 --> Session: Class initialized using 'CodeIgniter\Session\Handlers\FileHandler' driver.
INFO - 2023-05-25 14:43:51 --> Session: Class initialized using 'CodeIgniter\Session\Handlers\FileHandler' driver.
INFO - 2023-05-25 14:43:55 --> Session: Class initialized using 'CodeIgniter\Session\Handlers\FileHandler' driver.
INFO - 2023-05-25 14:43:58 --> Session: Class initialized using 'CodeIgniter\Session\Handlers\FileHandler' driver.
INFO - 2023-05-25 14:43:58 --> Session: Class initialized using 'CodeIgniter\Session\Handlers\FileHandler' driver.
INFO - 2023-05-25 14:44:02 --> Session: Class initialized using 'CodeIgniter\Session\Handlers\FileHandler' driver.
INFO - 2023-05-25 14:44:02 --> Session: Class initialized using 'CodeIgniter\Session\Handlers\FileHandler' driver.
INFO - 2023-05-25 14:45:30 --> Session: Class initialized using 'CodeIgniter\Session\Handlers\FileHandler' driver.
INFO - 2023-05-25 14:47:34 --> Session: Class initialized using 'CodeIgniter\Session\Handlers\FileHandler' driver.
INFO - 2023-05-25 18:44:45 --> Session: Class initialized using 'CodeIgniter\Session\Handlers\FileHandler' driver.
INFO - 2023-05-25 18:44:52 --> Session: Class initialized using 'CodeIgniter\Session\Handlers\FileHandler' driver.
INFO - 2023-05-25 18:44:52 --> Session: Class initialized using 'CodeIgniter\Session\Handlers\FileHandler' driver.
INFO - 2023-05-25 18:49:16 --> Session: Class initialized using 'CodeIgniter\Session\Handlers\FileHandler' driver.
INFO - 2023-05-25 18:49:22 --> Session: Class initialized using 'CodeIgniter\Session\Handlers\FileHandler' driver.
INFO - 2023-05-25 18:49:36 --> Session: Class initialized using 'CodeIgniter\Session\Handlers\FileHandler' driver.
INFO - 2023-05-25 18:49:39 --> Session: Class initialized using 'CodeIgniter\Session\Handlers\FileHandler' driver.
INFO - 2023-05-25 18:50:05 --> Session: Class initialized using 'CodeIgniter\Session\Handlers\FileHandler' driver.
INFO - 2023-05-25 18:50:14 --> Session: Class initialized using 'CodeIgniter\Session\Handlers\FileHandler' driver.
INFO - 2023-05-25 18:50:15 --> Session: Class initialized using 'CodeIgniter\Session\Handlers\FileHandler' driver.
CRITICAL - 2023-05-25 18:55:32 --> Class "App\Controllers\TesseractOCR" not found
in APPPATH\Controllers\Base.php on line 42.
 1 SYSTEMPATH\CodeIgniter.php(934): App\Controllers\Base->processarUpload()
 2 SYSTEMPATH\CodeIgniter.php(499): CodeIgniter\CodeIgniter->runController(Object(App\Controllers\Base))
 3 SYSTEMPATH\CodeIgniter.php(368): CodeIgniter\CodeIgniter->handleRequest(null, Object(Config\Cache), false)
 4 FCPATH\index.php(67): CodeIgniter\CodeIgniter->run()
 5 SYSTEMPATH\Commands\Server\rewrite.php(47): require_once('C:\\Users\\NOTE-JEAN\\Documents\\Empenho\\public\\index.php')
CRITICAL - 2023-05-25 18:56:15 --> Class "ThiagoAlessio\TesseractOCR\TesseractOCR" not found
in APPPATH\Controllers\Base.php on line 43.
 1 SYSTEMPATH\CodeIgniter.php(934): App\Controllers\Base->processarUpload()
 2 SYSTEMPATH\CodeIgniter.php(499): CodeIgniter\CodeIgniter->runController(Object(App\Controllers\Base))
 3 SYSTEMPATH\CodeIgniter.php(368): CodeIgniter\CodeIgniter->handleRequest(null, Object(Config\Cache), false)
 4 FCPATH\index.php(67): CodeIgniter\CodeIgniter->run()
 5 SYSTEMPATH\Commands\Server\rewrite.php(47): require_once('C:\\Users\\NOTE-JEAN\\Documents\\Empenho\\public\\index.php')
CRITICAL - 2023-05-25 19:04:34 --> Class "ThiagoAlessio\TesseractOCR\TesseractOCR" not found
in APPPATH\Controllers\Base.php on line 43.
 1 SYSTEMPATH\CodeIgniter.php(934): App\Controllers\Base->processarUpload()
 2 SYSTEMPATH\CodeIgniter.php(499): CodeIgniter\CodeIgniter->runController(Object(App\Controllers\Base))
 3 SYSTEMPATH\CodeIgniter.php(368): CodeIgniter\CodeIgniter->handleRequest(null, Object(Config\Cache), false)
 4 FCPATH\index.php(67): CodeIgniter\CodeIgniter->run()
 5 SYSTEMPATH\Commands\Server\rewrite.php(47): require_once('C:\\Users\\NOTE-JEAN\\Documents\\Empenho\\public\\index.php')
CRITICAL - 2023-05-25 19:05:24 --> Class "ThiagoAlessio\TesseractOCR\TesseractOCR" not found
in APPPATH\Controllers\Base.php on line 43.
 1 SYSTEMPATH\CodeIgniter.php(934): App\Controllers\Base->processarUpload()
 2 SYSTEMPATH\CodeIgniter.php(499): CodeIgniter\CodeIgniter->runController(Object(App\Controllers\Base))
 3 SYSTEMPATH\CodeIgniter.php(368): CodeIgniter\CodeIgniter->handleRequest(null, Object(Config\Cache), false)
 4 FCPATH\index.php(67): CodeIgniter\CodeIgniter->run()
 5 SYSTEMPATH\Commands\Server\rewrite.php(47): require_once('C:\\Users\\NOTE-JEAN\\Documents\\Empenho\\public\\index.php')
CRITICAL - 2023-05-25 19:10:04 --> Class "ThiagoAlessio\TesseractOCR" not found
in APPPATH\Controllers\Base.php on line 44.
 1 SYSTEMPATH\CodeIgniter.php(934): App\Controllers\Base->processarUpload()
 2 SYSTEMPATH\CodeIgniter.php(499): CodeIgniter\CodeIgniter->runController(Object(App\Controllers\Base))
 3 SYSTEMPATH\CodeIgniter.php(368): CodeIgniter\CodeIgniter->handleRequest(null, Object(Config\Cache), false)
 4 FCPATH\index.php(67): CodeIgniter\CodeIgniter->run()
 5 SYSTEMPATH\Commands\Server\rewrite.php(47): require_once('C:\\Users\\NOTE-JEAN\\Documents\\Empenho\\public\\index.php')
CRITICAL - 2023-05-25 19:11:24 --> Class "ThiagoAlessio\Tesseract_OCR\SRC\TesseractOCR" not found
in APPPATH\Controllers\Base.php on line 43.
 1 SYSTEMPATH\CodeIgniter.php(934): App\Controllers\Base->processarUpload()
 2 SYSTEMPATH\CodeIgniter.php(499): CodeIgniter\CodeIgniter->runController(Object(App\Controllers\Base))
 3 SYSTEMPATH\CodeIgniter.php(368): CodeIgniter\CodeIgniter->handleRequest(null, Object(Config\Cache), false)
 4 FCPATH\index.php(67): CodeIgniter\CodeIgniter->run()
 5 SYSTEMPATH\Commands\Server\rewrite.php(47): require_once('C:\\Users\\NOTE-JEAN\\Documents\\Empenho\\public\\index.php')
INFO - 2023-05-25 19:19:59 --> Session: Class initialized using 'CodeIgniter\Session\Handlers\FileHandler' driver.
INFO - 2023-05-25 19:20:03 --> Session: Class initialized using 'CodeIgniter\Session\Handlers\FileHandler' driver.
INFO - 2023-05-25 19:20:03 --> Session: Class initialized using 'CodeIgniter\Session\Handlers\FileHandler' driver.
CRITICAL - 2023-05-25 19:20:08 --> Class "ThiagoAlessio\Tesseract_OCR\SRC\TesseractOCR" not found
in APPPATH\Controllers\Base.php on line 43.
 1 SYSTEMPATH\CodeIgniter.php(934): App\Controllers\Base->processarUpload()
 2 SYSTEMPATH\CodeIgniter.php(499): CodeIgniter\CodeIgniter->runController(Object(App\Controllers\Base))
 3 SYSTEMPATH\CodeIgniter.php(368): CodeIgniter\CodeIgniter->handleRequest(null, Object(Config\Cache), false)
 4 FCPATH\index.php(67): CodeIgniter\CodeIgniter->run()
 5 SYSTEMPATH\Commands\Server\rewrite.php(47): require_once('C:\\Users\\NOTE-JEAN\\Documents\\Empenho\\public\\index.php')
CRITICAL - 2023-05-25 19:26:24 --> Class "TesseractOCR" not found
in APPPATH\Controllers\Base.php on line 43.
 1 SYSTEMPATH\CodeIgniter.php(934): App\Controllers\Base->processarUpload()
 2 SYSTEMPATH\CodeIgniter.php(499): CodeIgniter\CodeIgniter->runController(Object(App\Controllers\Base))
 3 SYSTEMPATH\CodeIgniter.php(368): CodeIgniter\CodeIgniter->handleRequest(null, Object(Config\Cache), false)
 4 FCPATH\index.php(67): CodeIgniter\CodeIgniter->run()
 5 SYSTEMPATH\Commands\Server\rewrite.php(47): require_once('C:\\Users\\NOTE-JEAN\\Documents\\Empenho\\public\\index.php')
CRITICAL - 2023-05-25 19:26:43 --> Class "thiagoalessio\TesseractOCR" not found
in APPPATH\Controllers\Base.php on line 43.
 1 SYSTEMPATH\CodeIgniter.php(934): App\Controllers\Base->processarUpload()
 2 SYSTEMPATH\CodeIgniter.php(499): CodeIgniter\CodeIgniter->runController(Object(App\Controllers\Base))
 3 SYSTEMPATH\CodeIgniter.php(368): CodeIgniter\CodeIgniter->handleRequest(null, Object(Config\Cache), false)
 4 FCPATH\index.php(67): CodeIgniter\CodeIgniter->run()
 5 SYSTEMPATH\Commands\Server\rewrite.php(47): require_once('C:\\Users\\NOTE-JEAN\\Documents\\Empenho\\public\\index.php')
CRITICAL - 2023-05-25 19:28:31 --> Class "src\TesseractOCR" not found
in APPPATH\Controllers\Base.php on line 43.
 1 SYSTEMPATH\CodeIgniter.php(934): App\Controllers\Base->processarUpload()
 2 SYSTEMPATH\CodeIgniter.php(499): CodeIgniter\CodeIgniter->runController(Object(App\Controllers\Base))
 3 SYSTEMPATH\CodeIgniter.php(368): CodeIgniter\CodeIgniter->handleRequest(null, Object(Config\Cache), false)
 4 FCPATH\index.php(67): CodeIgniter\CodeIgniter->run()
 5 SYSTEMPATH\Commands\Server\rewrite.php(47): require_once('C:\\Users\\NOTE-JEAN\\Documents\\Empenho\\public\\index.php')
CRITICAL - 2023-05-25 19:30:48 --> Class "src\TesseractOCR" not found
in APPPATH\Controllers\Base.php on line 43.
 1 SYSTEMPATH\CodeIgniter.php(934): App\Controllers\Base->processarUpload()
 2 SYSTEMPATH\CodeIgniter.php(499): CodeIgniter\CodeIgniter->runController(Object(App\Controllers\Base))
 3 SYSTEMPATH\CodeIgniter.php(368): CodeIgniter\CodeIgniter->handleRequest(null, Object(Config\Cache), false)
 4 FCPATH\index.php(67): CodeIgniter\CodeIgniter->run()
 5 SYSTEMPATH\Commands\Server\rewrite.php(47): require_once('C:\\Users\\NOTE-JEAN\\Documents\\Empenho\\public\\index.php')
CRITICAL - 2023-05-25 19:31:39 --> Error! The command "tesseract" was not found.

Make sure you have Tesseract OCR installed on your system:
https://github.com/tesseract-ocr/tesseract

The current $PATH is C:\Program Files (x86)\Common Files\Oracle\Java\javapath;C:\WINDOWS\system32;C:\WINDOWS;C:\WINDOWS\System32\Wbem;C:\WINDOWS\System32\WindowsPowerShell\v1.0\;C:\WINDOWS\System32\OpenSSH\;C:\Program Files\Git\cmd;C:\PHP;C:\composer;C:\Program Files\nodejs\;C:\Users\NOTE-JEAN\AppData\Local\Microsoft\WindowsApps;;C:\Users\NOTE-JEAN\AppData\Local\Programs\Microsoft VS Code\bin;C:\Users\NOTE-JEAN\AppData\Roaming\Composer\vendor\bin;C:\Users\NOTE-JEAN\AppData\Roaming\npm
in VENDORPATH\thiagoalessio\tesseract_ocr\src\FriendlyErrors.php on line 40.
 1 VENDORPATH\thiagoalessio\tesseract_ocr\src\TesseractOCR.php(26): thiagoalessio\TesseractOCR\FriendlyErrors::checkTesseractPresence('tesseract')
 2 APPPATH\Controllers\Base.php(50): thiagoalessio\TesseractOCR\TesseractOCR->run()
 3 SYSTEMPATH\CodeIgniter.php(934): App\Controllers\Base->processarUpload()
 4 SYSTEMPATH\CodeIgniter.php(499): CodeIgniter\CodeIgniter->runController(Object(App\Controllers\Base))
 5 SYSTEMPATH\CodeIgniter.php(368): CodeIgniter\CodeIgniter->handleRequest(null, Object(Config\Cache), false)
 6 FCPATH\index.php(67): CodeIgniter\CodeIgniter->run()
 7 SYSTEMPATH\Commands\Server\rewrite.php(47): require_once('C:\\Users\\NOTE-JEAN\\Documents\\Empenho\\public\\index.php')
CRITICAL - 2023-05-25 19:33:09 --> Error! The command "tesseract" was not found.

Make sure you have Tesseract OCR installed on your system:
https://github.com/tesseract-ocr/tesseract

The current $PATH is C:\Program Files (x86)\Common Files\Oracle\Java\javapath;C:\WINDOWS\system32;C:\WINDOWS;C:\WINDOWS\System32\Wbem;C:\WINDOWS\System32\WindowsPowerShell\v1.0\;C:\WINDOWS\System32\OpenSSH\;C:\Program Files\Git\cmd;C:\PHP;C:\composer;C:\Program Files\nodejs\;C:\Users\NOTE-JEAN\AppData\Local\Microsoft\WindowsApps;;C:\Users\NOTE-JEAN\AppData\Local\Programs\Microsoft VS Code\bin;C:\Users\NOTE-JEAN\AppData\Roaming\Composer\vendor\bin;C:\Users\NOTE-JEAN\AppData\Roaming\npm
in VENDORPATH\thiagoalessio\tesseract_ocr\src\FriendlyErrors.php on line 40.
 1 VENDORPATH\thiagoalessio\tesseract_ocr\src\TesseractOCR.php(26): thiagoalessio\TesseractOCR\FriendlyErrors::checkTesseractPresence('tesseract')
 2 APPPATH\Controllers\Base.php(50): thiagoalessio\TesseractOCR\TesseractOCR->run()
 3 SYSTEMPATH\CodeIgniter.php(934): App\Controllers\Base->processarUpload()
 4 SYSTEMPATH\CodeIgniter.php(499): CodeIgniter\CodeIgniter->runController(Object(App\Controllers\Base))
 5 SYSTEMPATH\CodeIgniter.php(368): CodeIgniter\CodeIgniter->handleRequest(null, Object(Config\Cache), false)
 6 FCPATH\index.php(67): CodeIgniter\CodeIgniter->run()
 7 SYSTEMPATH\Commands\Server\rewrite.php(47): require_once('C:\\Users\\NOTE-JEAN\\Documents\\Empenho\\public\\index.php')
CRITICAL - 2023-05-25 19:56:40 --> Error! The command "tesseract" was not found.

Make sure you have Tesseract OCR installed on your system:
https://github.com/tesseract-ocr/tesseract

The current $PATH is C:\Program Files (x86)\Common Files\Oracle\Java\javapath;C:\WINDOWS\system32;C:\WINDOWS;C:\WINDOWS\System32\Wbem;C:\WINDOWS\System32\WindowsPowerShell\v1.0\;C:\WINDOWS\System32\OpenSSH\;C:\Program Files\Git\cmd;C:\PHP;C:\composer;C:\Program Files\nodejs\;C:\Users\NOTE-JEAN\AppData\Local\Microsoft\WindowsApps;;C:\Users\NOTE-JEAN\AppData\Local\Programs\Microsoft VS Code\bin;C:\Users\NOTE-JEAN\AppData\Roaming\Composer\vendor\bin;C:\Users\NOTE-JEAN\AppData\Roaming\npm
in VENDORPATH\thiagoalessio\tesseract_ocr\src\FriendlyErrors.php on line 40.
 1 VENDORPATH\thiagoalessio\tesseract_ocr\src\TesseractOCR.php(26): thiagoalessio\TesseractOCR\FriendlyErrors::checkTesseractPresence('tesseract')
 2 APPPATH\Controllers\Base.php(51): thiagoalessio\TesseractOCR\TesseractOCR->run()
 3 SYSTEMPATH\CodeIgniter.php(934): App\Controllers\Base->processarUpload()
 4 SYSTEMPATH\CodeIgniter.php(499): CodeIgniter\CodeIgniter->runController(Object(App\Controllers\Base))
 5 SYSTEMPATH\CodeIgniter.php(368): CodeIgniter\CodeIgniter->handleRequest(null, Object(Config\Cache), false)
 6 FCPATH\index.php(67): CodeIgniter\CodeIgniter->run()
 7 SYSTEMPATH\Commands\Server\rewrite.php(47): require_once('C:\\Users\\NOTE-JEAN\\Documents\\Empenho\\public\\index.php')
CRITICAL - 2023-05-25 19:57:03 --> Error! The command "tesseract" was not found.

Make sure you have Tesseract OCR installed on your system:
https://github.com/tesseract-ocr/tesseract

The current $PATH is C:\Program Files (x86)\Common Files\Oracle\Java\javapath;C:\WINDOWS\system32;C:\WINDOWS;C:\WINDOWS\System32\Wbem;C:\WINDOWS\System32\WindowsPowerShell\v1.0\;C:\WINDOWS\System32\OpenSSH\;C:\Program Files\Git\cmd;C:\PHP;C:\composer;C:\Program Files\nodejs\;C:\Users\NOTE-JEAN\AppData\Local\Microsoft\WindowsApps;;C:\Users\NOTE-JEAN\AppData\Local\Programs\Microsoft VS Code\bin;C:\Users\NOTE-JEAN\AppData\Roaming\Composer\vendor\bin;C:\Users\NOTE-JEAN\AppData\Roaming\npm
in VENDORPATH\thiagoalessio\tesseract_ocr\src\FriendlyErrors.php on line 40.
 1 VENDORPATH\thiagoalessio\tesseract_ocr\src\TesseractOCR.php(26): thiagoalessio\TesseractOCR\FriendlyErrors::checkTesseractPresence('tesseract')
 2 APPPATH\Controllers\Base.php(51): thiagoalessio\TesseractOCR\TesseractOCR->run()
 3 SYSTEMPATH\CodeIgniter.php(934): App\Controllers\Base->processarUpload()
 4 SYSTEMPATH\CodeIgniter.php(499): CodeIgniter\CodeIgniter->runController(Object(App\Controllers\Base))
 5 SYSTEMPATH\CodeIgniter.php(368): CodeIgniter\CodeIgniter->handleRequest(null, Object(Config\Cache), false)
 6 FCPATH\index.php(67): CodeIgniter\CodeIgniter->run()
 7 SYSTEMPATH\Commands\Server\rewrite.php(47): require_once('C:\\Users\\NOTE-JEAN\\Documents\\Empenho\\public\\index.php')
INFO - 2023-05-25 20:28:12 --> Session: Class initialized using 'CodeIgniter\Session\Handlers\FileHandler' driver.
INFO - 2023-05-25 20:28:17 --> Session: Class initialized using 'CodeIgniter\Session\Handlers\FileHandler' driver.
INFO - 2023-05-25 20:28:17 --> Session: Class initialized using 'CodeIgniter\Session\Handlers\FileHandler' driver.
CRITICAL - 2023-05-25 20:28:23 --> Error! The command "tesseract" was not found.

Make sure you have Tesseract OCR installed on your system:
https://github.com/tesseract-ocr/tesseract

The current $PATH is C:\Program Files (x86)\Common Files\Oracle\Java\javapath;C:\WINDOWS\system32;C:\WINDOWS;C:\WINDOWS\System32\Wbem;C:\WINDOWS\System32\WindowsPowerShell\v1.0\;C:\WINDOWS\System32\OpenSSH\;C:\Program Files\Git\cmd;C:\PHP;C:\composer;C:\Program Files\nodejs\;C:\Users\NOTE-JEAN\AppData\Local\Microsoft\WindowsApps;;C:\Users\NOTE-JEAN\AppData\Local\Programs\Microsoft VS Code\bin;C:\Users\NOTE-JEAN\AppData\Roaming\Composer\vendor\bin;C:\Users\NOTE-JEAN\AppData\Roaming\npm
in VENDORPATH\thiagoalessio\tesseract_ocr\src\FriendlyErrors.php on line 40.
 1 VENDORPATH\thiagoalessio\tesseract_ocr\src\TesseractOCR.php(26): thiagoalessio\TesseractOCR\FriendlyErrors::checkTesseractPresence('tesseract')
 2 APPPATH\Controllers\Base.php(51): thiagoalessio\TesseractOCR\TesseractOCR->run()
 3 SYSTEMPATH\CodeIgniter.php(934): App\Controllers\Base->processarUpload()
 4 SYSTEMPATH\CodeIgniter.php(499): CodeIgniter\CodeIgniter->runController(Object(App\Controllers\Base))
 5 SYSTEMPATH\CodeIgniter.php(368): CodeIgniter\CodeIgniter->handleRequest(null, Object(Config\Cache), false)
 6 FCPATH\index.php(67): CodeIgniter\CodeIgniter->run()
 7 SYSTEMPATH\Commands\Server\rewrite.php(47): require_once('C:\\Users\\NOTE-JEAN\\Documents\\Empenho\\public\\index.php')
INFO - 2023-05-25 20:28:31 --> Session: Class initialized using 'CodeIgniter\Session\Handlers\FileHandler' driver.
